<?xml version="1.0" encoding="UTF-8"?>
<!-- Generated by org.testng.reporters.JUnitReportReporter -->
<testsuite hostname="TYSS-Apoorva" failures="0" tests="1" name="testScript.To_lunch_Maybelline" time="5.311" errors="0" timestamp="2024-04-06T13:53:11 IST" skipped="0">
  <testcase classname="testScript.To_lunch_Maybelline" name="maybelline" time="5.311"/>
</testsuite> <!-- testScript.To_lunch_Maybelline -->
