<?xml version="1.0" encoding="UTF-8"?>
<!-- Generated by org.testng.reporters.JUnitReportReporter -->
<testsuite hostname="TYSS-Apoorva" failures="0" tests="6" name="workingWithUnitTool.Basic" time="0.029" errors="0" timestamp="2024-04-04T13:59:55 IST" skipped="1">
  <testcase classname="workingWithUnitTool.Basic" name="selDate" time="0.014"/>
  <testcase classname="workingWithUnitTool.Basic" name="searchBus" time="0.003"/>
  <testcase classname="workingWithUnitTool.Basic" name="login" time="0.005"/>
  <testcase classname="workingWithUnitTool.Basic" name="register" time="0.003"/>
  <testcase classname="workingWithUnitTool.Basic" name="payment" time="0.004"/>
  <testcase classname="workingWithUnitTool.Basic" name="cnfmMsg">
    <skipped/>
  </testcase> <!-- cnfmMsg -->
</testsuite> <!-- workingWithUnitTool.Basic -->
