<?xml version="1.0" encoding="UTF-8"?>
<!-- Generated by org.testng.reporters.JUnitReportReporter -->
<testsuite hostname="TYSS-Apoorva" failures="0" tests="1" name="utillitty.ToReadDataFromExcelSingleCellvalue" time="7.332" errors="0" timestamp="2024-04-16T13:21:59 IST" skipped="0">
  <testcase classname="utillitty.ToReadDataFromExcelSingleCellvalue" name="run" time="7.332"/>
</testsuite> <!-- utillitty.ToReadDataFromExcelSingleCellvalue -->
