<?xml version="1.0" encoding="UTF-8"?>
<!-- Generated by org.testng.reporters.JUnitReportReporter -->
<testsuite hostname="TYSS-Apoorva" failures="0" tests="1" name="testScript.To_launch_Myntra" time="15.518" errors="0" timestamp="2024-04-08T13:21:36 IST" skipped="0">
  <testcase classname="testScript.To_launch_Myntra" name="myntra" time="15.518"/>
</testsuite> <!-- testScript.To_launch_Myntra -->
