<?xml version="1.0" encoding="UTF-8"?>
<!-- Generated by org.testng.reporters.JUnitReportReporter -->
<testsuite hostname="TYSS-Apoorva" failures="0" tests="1" name="workingWithUnitTestingTool.workingWithInclude" time="34.121" errors="0" timestamp="2024-04-18T18:52:27 IST" skipped="0">
  <testcase classname="workingWithUnitTestingTool.workingWithInclude" name="executeScript1" time="34.121">
    <system-out>
      <![CDATA[42 Bobber]]>
    </system-out>
  </testcase> <!-- executeScript1 -->
  <system-out>
    <![CDATA[42 Bobber
R15
Hayabusa]]>
  </system-out>
</testsuite> <!-- workingWithUnitTestingTool.workingWithInclude -->
