<?xml version="1.0" encoding="UTF-8"?>
<!-- Generated by org.testng.reporters.JUnitReportReporter -->
<testsuite hostname="TYSS-Apoorva" failures="0" tests="3" name="workingWithUnitTestingTool.workingWithDataProvider2" time="0.032" errors="0" timestamp="2024-04-12T13:29:41 IST" skipped="0">
  <testcase classname="workingWithUnitTestingTool.workingWithDataProvider2" name="dataDemo" time="0.013"/>
  <testcase classname="workingWithUnitTestingTool.workingWithDataProvider2" name="dataDemo" time="0.009"/>
  <testcase classname="workingWithUnitTestingTool.workingWithDataProvider2" name="dataDemo" time="0.010"/>
</testsuite> <!-- workingWithUnitTestingTool.workingWithDataProvider2 -->
