<?xml version="1.0" encoding="UTF-8"?>
<!-- Generated by org.testng.reporters.JUnitReportReporter -->
<testsuite hostname="TYSS-Apoorva" failures="0" tests="1" name="workingWithUnitTestingTool.workingWithInclude1" time="32.258" errors="0" timestamp="2024-04-18T18:52:27 IST" skipped="0">
  <testcase classname="workingWithUnitTestingTool.workingWithInclude1" name="executeScript" time="32.258">
    <system-out>
      <![CDATA[R15]]>
    </system-out>
  </testcase> <!-- executeScript -->
  <system-out>
    <![CDATA[42 Bobber
R15
Hayabusa]]>
  </system-out>
</testsuite> <!-- workingWithUnitTestingTool.workingWithInclude1 -->
