<?xml version="1.0" encoding="UTF-8"?>
<!-- Generated by org.testng.reporters.JUnitReportReporter -->
<testsuite hostname="TYSS-Apoorva" failures="0" tests="1" name="utillitty.ToReadDataFromProp" time="8.104" errors="0" timestamp="2024-04-12T14:03:55 IST" skipped="0">
  <testcase classname="utillitty.ToReadDataFromProp" name="openDemoWebShop" time="8.104"/>
</testsuite> <!-- utillitty.ToReadDataFromProp -->
