<?xml version="1.0" encoding="UTF-8"?>
<!-- Generated by org.testng.reporters.JUnitReportReporter -->
<testsuite hostname="TYSS-Apoorva" failures="0" tests="3" name="workingWithUnitTestingTool.workingWithChronologicalOrder" time="0.071" errors="0" timestamp="2024-04-05T13:44:20 IST" skipped="0">
  <testcase classname="workingWithUnitTestingTool.workingWithChronologicalOrder" name="run" time="0.017"/>
  <testcase classname="workingWithUnitTestingTool.workingWithChronologicalOrder" name="pass" time="0.034"/>
  <testcase classname="workingWithUnitTestingTool.workingWithChronologicalOrder" name="test" time="0.020"/>
</testsuite> <!-- workingWithUnitTestingTool.workingWithChronologicalOrder -->
