<?xml version="1.0" encoding="UTF-8"?>
<!-- Generated by org.testng.reporters.JUnitReportReporter -->
<testsuite hostname="TYSS-Apoorva" failures="0" tests="3" name="workingWithUnitTestingTool.workingWithDataProvider" time="0.048" errors="0" timestamp="2024-04-12T13:23:14 IST" skipped="0">
  <testcase classname="workingWithUnitTestingTool.workingWithDataProvider" name="dataDemo" time="0.008"/>
  <testcase classname="workingWithUnitTestingTool.workingWithDataProvider" name="dataDemo" time="0.028"/>
  <testcase classname="workingWithUnitTestingTool.workingWithDataProvider" name="dataDemo" time="0.012"/>
</testsuite> <!-- workingWithUnitTestingTool.workingWithDataProvider -->
