<?xml version="1.0" encoding="UTF-8"?>
<!-- Generated by org.testng.reporters.JUnitReportReporter -->
<testsuite hostname="TYSS-Apoorva" failures="0" tests="1" name="workingWithUnitTestingTool.workingWithcrossBrowserTesting" time="14.110" errors="0" timestamp="2024-04-10T12:55:59 IST" skipped="0">
  <testcase classname="workingWithUnitTestingTool.workingWithcrossBrowserTesting" name="browserTest" time="14.110"/>
</testsuite> <!-- workingWithUnitTestingTool.workingWithcrossBrowserTesting -->
