<?xml version="1.0" encoding="UTF-8"?>
<!-- Generated by org.testng.reporters.JUnitReportReporter -->
<testsuite hostname="TYSS-Apoorva" failures="0" tests="1" name="testScript.To_launch_Mi" time="9.254" errors="0" timestamp="2024-04-08T13:24:29 IST" skipped="0">
  <testcase classname="testScript.To_launch_Mi" name="mi" time="9.254"/>
</testsuite> <!-- testScript.To_launch_Mi -->
