<?xml version="1.0" encoding="UTF-8"?>
<!-- Generated by org.testng.reporters.JUnitReportReporter -->
<testsuite hostname="TYSS-Apoorva" failures="0" tests="2" name="workingWithUnitTestingTool.Basic" time="90.538" errors="0" timestamp="2024-04-05T13:05:22 IST" skipped="0">
  <testcase classname="workingWithUnitTestingTool.Basic" name="run" time="51.576"/>
  <testcase classname="workingWithUnitTestingTool.Basic" name="run" time="38.962"/>
</testsuite> <!-- workingWithUnitTestingTool.Basic -->
