<?xml version="1.0" encoding="UTF-8"?>
<!-- Generated by org.testng.reporters.JUnitReportReporter -->
<testsuite hostname="TYSS-Apoorva" failures="0" tests="1" name="workingWithPOM.P1" time="14.255" errors="0" timestamp="2024-04-16T12:39:22 IST" skipped="0">
  <testcase classname="workingWithPOM.P1" name="searchProduct" time="14.255"/>
  <system-out>
    <![CDATA[Data base connection start
User is able to open empty browser
User is able to open DemoWeBshop
User is able to land on Demoweb shop Home page
Data base connection stop]]>
  </system-out>
</testsuite> <!-- workingWithPOM.P1 -->
