<?xml version="1.0" encoding="UTF-8"?>
<!-- Generated by org.testng.reporters.JUnitReportReporter -->
<testsuite hostname="TYSS-Apoorva" failures="0" tests="6" name="workingWithUnitTestingTool.workingWithDependsOnMethods" time="0.066" errors="0" timestamp="2024-04-05T12:35:50 IST" skipped="0">
  <testcase classname="workingWithUnitTestingTool.workingWithDependsOnMethods" name="searchBus" time="0.004"/>
  <testcase classname="workingWithUnitTestingTool.workingWithDependsOnMethods" name="payment" time="0.002"/>
  <testcase classname="workingWithUnitTestingTool.workingWithDependsOnMethods" name="login" time="0.006"/>
  <testcase classname="workingWithUnitTestingTool.workingWithDependsOnMethods" name="cnfmMsg" time="0.045"/>
  <testcase classname="workingWithUnitTestingTool.workingWithDependsOnMethods" name="register" time="0.008"/>
  <testcase classname="workingWithUnitTestingTool.workingWithDependsOnMethods" name="selDate" time="0.001"/>
</testsuite> <!-- workingWithUnitTestingTool.workingWithDependsOnMethods -->
