<?xml version="1.0" encoding="UTF-8"?>
<!-- Generated by org.testng.reporters.JUnitReportReporter -->
<testsuite hostname="TYSS-Apoorva" failures="0" tests="1" name="testScript.To_launch_Maybelline" time="4.426" errors="0" timestamp="2024-04-08T13:24:29 IST" skipped="0">
  <testcase classname="testScript.To_launch_Maybelline" name="maybelline" time="4.426"/>
</testsuite> <!-- testScript.To_launch_Maybelline -->
