<?xml version="1.0" encoding="UTF-8"?>
<!-- Generated by org.testng.reporters.JUnitReportReporter -->
<testsuite hostname="TYSS-Apoorva" failures="0" tests="8" name="workingWithUnitTestingTool.a" time="77.760" errors="0" timestamp="2024-04-13T11:55:03 IST" skipped="0">
  <testcase classname="workingWithUnitTestingTool.a" name="registerUser" time="9.052"/>
  <testcase classname="workingWithUnitTestingTool.a" name="registerUser" time="11.133"/>
  <testcase classname="workingWithUnitTestingTool.a" name="registerUser" time="9.542"/>
  <testcase classname="workingWithUnitTestingTool.a" name="registerUser" time="9.266"/>
  <testcase classname="workingWithUnitTestingTool.a" name="registerUser" time="9.060"/>
  <testcase classname="workingWithUnitTestingTool.a" name="registerUser" time="9.000"/>
  <testcase classname="workingWithUnitTestingTool.a" name="registerUser" time="9.122"/>
  <testcase classname="workingWithUnitTestingTool.a" name="registerUser" time="11.585"/>
</testsuite> <!-- workingWithUnitTestingTool.a -->
