<?xml version="1.0" encoding="UTF-8"?>
<!-- Generated by org.testng.reporters.JUnitReportReporter -->
<testsuite hostname="TYSS-Apoorva" failures="0" tests="1" name="testScript.To_lunch_Sugar" time="8.414" errors="0" timestamp="2024-04-06T13:53:11 IST" skipped="0">
  <testcase classname="testScript.To_lunch_Sugar" name="sugar" time="8.414"/>
</testsuite> <!-- testScript.To_lunch_Sugar -->
