<?xml version="1.0" encoding="UTF-8"?>
<!-- Generated by org.testng.reporters.JUnitReportReporter -->
<testsuite hostname="TYSS-Apoorva" failures="0" tests="1" name="testScript.To_launch_Sugar" time="8.370" errors="0" timestamp="2024-04-08T13:24:29 IST" skipped="0">
  <testcase classname="testScript.To_launch_Sugar" name="sugar" time="8.370"/>
</testsuite> <!-- testScript.To_launch_Sugar -->
