<?xml version="1.0" encoding="UTF-8"?>
<!-- Generated by org.testng.reporters.JUnitReportReporter -->
<testsuite hostname="TYSS-Apoorva" failures="0" tests="1" name="utillitty.ToReadDataFromRow" time="10.721" errors="0" timestamp="2024-04-17T12:56:50 IST" skipped="0">
  <testcase classname="utillitty.ToReadDataFromRow" name="run" time="10.721"/>
</testsuite> <!-- utillitty.ToReadDataFromRow -->
