<?xml version="1.0" encoding="UTF-8"?>
<!-- Generated by org.testng.reporters.JUnitReportReporter -->
<testsuite hostname="TYSS-Apoorva" failures="0" tests="1" name="workingWithUnitTestingTool.WorkingOnHardAssert" time="13.397" errors="0" timestamp="2024-04-10T13:27:52 IST" skipped="0">
  <testcase classname="workingWithUnitTestingTool.WorkingOnHardAssert" name="demoPage" time="13.397">
    <system-out>
      <![CDATA[User is able to open empty browser]]>
    </system-out>
  </testcase> <!-- demoPage -->
  <system-out>
    <![CDATA[User is able to open empty browser]]>
  </system-out>
</testsuite> <!-- workingWithUnitTestingTool.WorkingOnHardAssert -->
